           Step size           grad'*dir           FD approx           abs error
           ---------           ---------           ---------           ---------
   1.00000000000e+00   0.00000000000e+00   8.01040354716e-02   8.01040354716e-02
   1.00000000000e-01   0.00000000000e+00  -5.05114576740e-01   5.05114576740e-01
   1.00000000000e-02   0.00000000000e+00  -5.63636437962e-01   5.63636437962e-01
   1.00000000000e-03   0.00000000000e+00  -5.69488624084e-01   5.69488624084e-01
   1.00000000000e-04   0.00000000000e+00  -5.70073842696e-01   5.70073842696e-01
   1.00000000000e-05   0.00000000000e+00  -5.70132364555e-01   5.70132364555e-01
   1.00000000000e-06   0.00000000000e+00  -5.70138216749e-01   5.70138216749e-01
   1.00000000000e-07   0.00000000000e+00  -5.70138802003e-01   5.70138802003e-01
   1.00000000000e-08   0.00000000000e+00  -5.70138859735e-01   5.70138859735e-01
   1.00000000000e-09   0.00000000000e+00  -5.70138866673e-01   5.70138866673e-01
   1.00000000000e-10   0.00000000000e+00  -5.70138797285e-01   5.70138797285e-01
   1.00000000000e-11   0.00000000000e+00  -5.70138380951e-01   5.70138380951e-01
   1.00000000000e-12   0.00000000000e+00  -5.70127278721e-01   5.70127278721e-01

Truncated CG Trust-Region Solver with Limited-Memory BFGS Hessian Approximation
  iter  value          gnorm          snorm          delta          #fval     #grad     tr_flag   iterCG    flagCG    
  0     1.250000e-01   0.000000e+00                  1.000000e+02   
Optimization Terminated with Status: Converged

Truncated CG Trust-Region Solver with Limited-Memory BFGS Hessian Approximation
  iter  value          gnorm          snorm          delta          #fval     #grad     tr_flag   iterCG    flagCG    
  0     1.250000e-01   0.000000e+00                  1.000000e+02   
Optimization Terminated with Status: Converged
param 0 = 0
