           Step size           grad'*dir           FD approx           abs error
           ---------           ---------           ---------           ---------
   1.00000000000e+00   3.02045293056e-01   4.84508012584e-01   1.82462719528e-01
   1.00000000000e-01   3.02045293056e-01   3.20291565009e-01   1.82462719528e-02
   1.00000000000e-02   3.02045293056e-01   3.03869920251e-01   1.82462719529e-03
   1.00000000000e-03   3.02045293056e-01   3.02227755775e-01   1.82462719609e-04
   1.00000000000e-04   3.02045293056e-01   3.02063539327e-01   1.82462708366e-05
   1.00000000000e-05   3.02045293056e-01   3.02047117676e-01   1.82461985310e-06
   1.00000000000e-06   3.02045293056e-01   3.02045475575e-01   1.82519508507e-07
   1.00000000000e-07   3.02045293056e-01   3.02045311817e-01   1.87616123748e-08
   1.00000000000e-08   3.02045293056e-01   3.02045297107e-01   4.05115729851e-09
   1.00000000000e-09   3.02045293056e-01   3.02045222167e-01   7.08888968637e-08
   1.00000000000e-10   3.02045293056e-01   3.02045055633e-01   2.37422350557e-07
   1.00000000000e-11   3.02045293056e-01   3.02044500522e-01   7.92533862870e-07
   1.00000000000e-12   3.02045293056e-01   3.02119440576e-01   7.41475202993e-05

Truncated CG Trust-Region Solver with Limited-Memory BFGS Hessian Approximation
  iter  value          gnorm          snorm          delta          #fval     #grad     tr_flag   iterCG    flagCG    
  0     1.250000e-01   2.494866e-01                  1.000000e+02   
  1     7.050496e-02   1.873709e-01   2.494866e-01   2.500000e+02   2         2         0         1         0         
Optimization Terminated with Status: Iteration Limit Exceeded

Truncated CG Trust-Region Solver with Limited-Memory BFGS Hessian Approximation
  iter  value          gnorm          snorm          delta          #fval     #grad     tr_flag   iterCG    flagCG    
  0     1.250000e-01   2.494866e-01                  1.000000e+02   
  1     7.050496e-02   1.873709e-01   2.494866e-01   2.500000e+02   2         2         0         1         0         
Optimization Terminated with Status: Iteration Limit Exceeded
param 0 = 0.249487
