[ceerws1112:47745] *** Process received signal ***
[ceerws1112:47745] Signal: Segmentation fault (11)
[ceerws1112:47745] Signal code: Address not mapped (1)
[ceerws1112:47745] Failing at address: 0x20f59193740
[ceerws1112:47745] [ 0] /lib64/libpthread.so.0(+0xf630)[0x7f0a76d76630]
[ceerws1112:47745] [ 1] ../../milo(_ZN16linearelasticity12setLocalSolnERKmS1_RKb+0x480)[0x1001070]
[ceerws1112:47745] [ 2] ../../milo(_ZN16linearelasticity13computeStressERKb+0x363)[0x10048e3]
[ceerws1112:47745] [ 3] ../../milo(_ZN16linearelasticity14volumeResidualEv+0x75d)[0x100987d]
[ceerws1112:47745] [ 4] ../../milo(_ZN7physics14volumeResidualEm+0xb0)[0xf60970]
[ceerws1112:47745] [ 5] ../../milo(_ZN4cell13computeJacResERKdRKbS3_S3_S3_RKiS3_S3_S3_N6Kokkos4ViewIPPPdJNS6_6SerialEEEESC_SC_+0x116)[0x11ba066]
[ceerws1112:47745] [ 6] ../../milo(_ZN15AssemblyManager14assembleJacResERN7Teuchos3RCPIN6Tpetra11MultiVectorIdiiN6Kokkos6Compat23KokkosDeviceWrapperNodeINS4_6SerialENS4_9HostSpaceEEEEEEESC_SC_SC_RKdSE_RKbSG_SG_SC_RNS1_INS2_9CrsMatrixIdiiS9_EEEESG_SE_SG_SG_RKiSC_SG_SM_+0xd47)[0x118c697]
[ceerws1112:47745] [ 7] ../../milo(_ZN15AssemblyManager14assembleJacResERN7Teuchos3RCPIN6Tpetra11MultiVectorIdiiN6Kokkos6Compat23KokkosDeviceWrapperNodeINS4_6SerialENS4_9HostSpaceEEEEEEESC_SC_SC_RKdSE_RKbSG_SG_SC_RNS1_INS2_9CrsMatrixIdiiS9_EEEESG_SE_SG_SG_RKiSC_SG_+0x133)[0x118edb3]
[ceerws1112:47745] [ 8] ../../milo(_ZN6solver15nonlinearSolverERN7Teuchos3RCPIN6Tpetra11MultiVectorIdiiN6Kokkos6Compat23KokkosDeviceWrapperNodeINS4_6SerialENS4_9HostSpaceEEEEEEESC_SC_SC_RKdSE_+0x6ae)[0x103e0de]
[ceerws1112:47745] [ 9] ../../milo(_ZN6solver12forwardModelERN6Sacado3Fad3Exp10GeneralFadINS2_14DynamicStorageIddEEEE+0x137)[0x1040f87]
[ceerws1112:47745] [10] ../../milo(_ZN3ROL14Objective_MILOIdE5valueERKNS_6VectorIdEERd+0x128)[0x112bc28]
[ceerws1112:47745] [11] ../../milo(_ZN3ROL15TrustRegionStepIdE10initializeERNS_6VectorIdEERKS3_S6_RNS_9ObjectiveIdEERNS_15BoundConstraintIdEERNS_14AlgorithmStateIdEE+0x2ea)[0x115322a]
[ceerws1112:47745] [12] ../../milo[0x10e3494]
[ceerws1112:47745] [13] ../../milo(_ZN8analysis3runEv+0x6a09)[0x10eacc9]
[ceerws1112:47745] [14] ../../milo(main+0x1388)[0xe007b8]
[ceerws1112:47745] [15] /lib64/libc.so.6(__libc_start_main+0xf5)[0x7f0a769bb555]
[ceerws1112:47745] [16] ../../milo[0xe2eacf]
[ceerws1112:47745] *** End of error message ***
--------------------------------------------------------------------------
mpiexec noticed that process rank 0 with PID 47745 on node ceerws1112 exited on signal 11 (Segmentation fault).
--------------------------------------------------------------------------
